<?xml version="1.0" encoding="UTF-8"?>
<testng-results skipped="0" failed="0" ignored="0" total="1" passed="1">
  <reporter-output>
  </reporter-output>
  <suite name="Default suite" duration-ms="42127" started-at="2020-02-27T10:55:47 EET" finished-at="2020-02-27T10:56:29 EET">
    <groups>
    </groups>
    <test name="Default test" duration-ms="42127" started-at="2020-02-27T10:55:47 EET" finished-at="2020-02-27T10:56:29 EET">
      <class name="test.Calc">
        <test-method status="PASS" signature="startApp()[pri:0, instance:test.Calc@1e6d1014]" name="startApp" is-config="true" duration-ms="37208" started-at="2020-02-27T10:55:47 EET" finished-at="2020-02-27T10:56:24 EET">
          <reporter-output>
          </reporter-output>
        </test-method> <!-- startApp -->
        <test-method status="PASS" signature="OpenCalculator()[pri:0, instance:test.Calc@1e6d1014]" name="OpenCalculator" duration-ms="4824" started-at="2020-02-27T10:56:24 EET" finished-at="2020-02-27T10:56:29 EET">
          <reporter-output>
          </reporter-output>
        </test-method> <!-- OpenCalculator -->
        <test-method status="FAIL" signature="closeDriver()[pri:0, instance:test.Calc@1e6d1014]" name="closeDriver" is-config="true" duration-ms="44" started-at="2020-02-27T10:56:29 EET" finished-at="2020-02-27T10:56:29 EET">
          <exception class="org.openqa.selenium.WebDriverException">
            <message>
              <![CDATA[An unknown server-side error occurred while processing the command. Original error: Could not proxy. Proxy error: Could not proxy command to remote server. Original error: 404 - undefined
Build info: version: '3.141.59', revision: 'e82be7d358', time: '2018-11-14T08:17:03'
System info: host: 'DESKTOP-2UA6GQC', ip: '192.168.1.5', os.name: 'Windows 10', os.arch: 'amd64', os.version: '10.0', java.version: '1.8.0_141'
Driver info: io.appium.java_client.AppiumDriver
Capabilities {appActivity: com.dencreak.dlcalculator.D..., appPackage: com.dencreak.dlcalculator, databaseEnabled: false, desired: {appActivity: com.dencreak.dlcalculator.D..., appPackage: com.dencreak.dlcalculator, deviceName: SM-J320F, platformName: android, platformVersion: 5.1.1, udTD: 420070c860b43400}, deviceApiLevel: 22, deviceManufacturer: samsung, deviceModel: SM-J320F, deviceName: 420070c860b43400, deviceScreenDensity: 320, deviceScreenSize: 720x1280, deviceUDID: 420070c860b43400, javascriptEnabled: true, locationContextEnabled: false, networkConnectionEnabled: true, pixelRatio: 2, platform: LINUX, platformName: LINUX, platformVersion: 5.1.1, statBarHeight: 50, takesScreenshot: true, udTD: 420070c860b43400, viewportRect: {height: 1230, left: 0, top: 50, width: 720}, warnings: {}, webStorageEnabled: false}
Session ID: a9d59e9e-5b63-45c5-a3b5-ec5e77d65e26]]>
            </message>
            <full-stacktrace>
              <![CDATA[org.openqa.selenium.WebDriverException: An unknown server-side error occurred while processing the command. Original error: Could not proxy. Proxy error: Could not proxy command to remote server. Original error: 404 - undefined
Build info: version: '3.141.59', revision: 'e82be7d358', time: '2018-11-14T08:17:03'
System info: host: 'DESKTOP-2UA6GQC', ip: '192.168.1.5', os.name: 'Windows 10', os.arch: 'amd64', os.version: '10.0', java.version: '1.8.0_141'
Driver info: io.appium.java_client.AppiumDriver
Capabilities {appActivity: com.dencreak.dlcalculator.D..., appPackage: com.dencreak.dlcalculator, databaseEnabled: false, desired: {appActivity: com.dencreak.dlcalculator.D..., appPackage: com.dencreak.dlcalculator, deviceName: SM-J320F, platformName: android, platformVersion: 5.1.1, udTD: 420070c860b43400}, deviceApiLevel: 22, deviceManufacturer: samsung, deviceModel: SM-J320F, deviceName: 420070c860b43400, deviceScreenDensity: 320, deviceScreenSize: 720x1280, deviceUDID: 420070c860b43400, javascriptEnabled: true, locationContextEnabled: false, networkConnectionEnabled: true, pixelRatio: 2, platform: LINUX, platformName: LINUX, platformVersion: 5.1.1, statBarHeight: 50, takesScreenshot: true, udTD: 420070c860b43400, viewportRect: {height: 1230, left: 0, top: 50, width: 720}, warnings: {}, webStorageEnabled: false}
Session ID: a9d59e9e-5b63-45c5-a3b5-ec5e77d65e26
at sun.reflect.NativeConstructorAccessorImpl.newInstance0(Native Method)
at sun.reflect.NativeConstructorAccessorImpl.newInstance(Unknown Source)
at sun.reflect.DelegatingConstructorAccessorImpl.newInstance(Unknown Source)
at java.lang.reflect.Constructor.newInstance(Unknown Source)
at org.openqa.selenium.remote.http.W3CHttpResponseCodec.createException(W3CHttpResponseCodec.java:187)
at org.openqa.selenium.remote.http.W3CHttpResponseCodec.decode(W3CHttpResponseCodec.java:122)
at org.openqa.selenium.remote.http.W3CHttpResponseCodec.decode(W3CHttpResponseCodec.java:49)
at org.openqa.selenium.remote.HttpCommandExecutor.execute(HttpCommandExecutor.java:158)
at io.appium.java_client.remote.AppiumCommandExecutor.execute(AppiumCommandExecutor.java:239)
at org.openqa.selenium.remote.RemoteWebDriver.execute(RemoteWebDriver.java:552)
at io.appium.java_client.DefaultGenericMobileDriver.execute(DefaultGenericMobileDriver.java:46)
at io.appium.java_client.AppiumDriver.execute(AppiumDriver.java:1)
at org.openqa.selenium.remote.RemoteWebDriver.close(RemoteWebDriver.java:442)
at test.BaseTest.closeDriver(BaseTest.java:46)
at sun.reflect.NativeMethodAccessorImpl.invoke0(Native Method)
at sun.reflect.NativeMethodAccessorImpl.invoke(Unknown Source)
at sun.reflect.DelegatingMethodAccessorImpl.invoke(Unknown Source)
at java.lang.reflect.Method.invoke(Unknown Source)
at org.testng.internal.MethodInvocationHelper.invokeMethod(MethodInvocationHelper.java:133)
at org.testng.internal.MethodInvocationHelper.invokeMethodConsideringTimeout(MethodInvocationHelper.java:62)
at org.testng.internal.ConfigInvoker.invokeConfigurationMethod(ConfigInvoker.java:340)
at org.testng.internal.ConfigInvoker.invokeConfigurations(ConfigInvoker.java:294)
at org.testng.TestRunner.invokeTestConfigurations(TestRunner.java:623)
at org.testng.TestRunner.afterRun(TestRunner.java:853)
at org.testng.TestRunner.run(TestRunner.java:594)
at org.testng.SuiteRunner.runTest(SuiteRunner.java:402)
at org.testng.SuiteRunner.runSequentially(SuiteRunner.java:396)
at org.testng.SuiteRunner.privateRun(SuiteRunner.java:355)
at org.testng.SuiteRunner.run(SuiteRunner.java:304)
at org.testng.SuiteRunnerWorker.runSuite(SuiteRunnerWorker.java:53)
at org.testng.SuiteRunnerWorker.run(SuiteRunnerWorker.java:96)
at org.testng.TestNG.runSuitesSequentially(TestNG.java:1180)
at org.testng.TestNG.runSuitesLocally(TestNG.java:1102)
at org.testng.TestNG.runSuites(TestNG.java:1032)
at org.testng.TestNG.run(TestNG.java:1000)
at org.testng.remote.AbstractRemoteTestNG.run(AbstractRemoteTestNG.java:115)
at org.testng.remote.RemoteTestNG.initAndRun(RemoteTestNG.java:251)
at org.testng.remote.RemoteTestNG.main(RemoteTestNG.java:77)
]]>
            </full-stacktrace>
          </exception> <!-- org.openqa.selenium.WebDriverException -->
          <reporter-output>
          </reporter-output>
        </test-method> <!-- closeDriver -->
      </class> <!-- test.Calc -->
    </test> <!-- Default test -->
  </suite> <!-- Default suite -->
</testng-results>
